<?xml version="1.0" encoding="UTF-8"?>
<!-- Generated by org.testng.reporters.JUnitReportReporter -->
<testsuite hostname="DESKTOP-HVSQPPC" failures="0" tests="2" name="tests.VerifyRoomsTab" time="16.139" errors="0" timestamp="2022-10-17T22:25:37 NPT" skipped="0">
  <testcase classname="tests.VerifyRoomsTab" name="verifyReturnToMessengerButton" time="8.979"/>
  <system-out/>
  <testcase classname="tests.VerifyRoomsTab" name="verifyVisitOurHelpCenterButton" time="7.160"/>
  <system-out/>
</testsuite> <!-- tests.VerifyRoomsTab -->
